<?xml version="1.0" encoding="UTF-8"?>
<!-- Generated by org.testng.reporters.JUnitXMLReporter -->
<testsuite ignored="2" hostname="DESKTOP-60IR7T5" failures="0" tests="1" name="Testparameter" time="26.508" errors="0" timestamp="2022-01-23T00:20:18 IST">
  <testcase classname="TestNG.parameter1" name="tcthree" time="26.373"/>
  <testcase classname="TestNG.parameter1" name="tcone" time="0.0">
    <ignored/>
  </testcase> <!-- tcone -->
  <testcase classname="TestNG.parameter1" name="tctwo" time="0.0">
    <ignored/>
  </testcase> <!-- tctwo -->
</testsuite> <!-- Testparameter -->
