<?xml version="1.0" encoding="UTF-8"?>
<testng-results ignored="0" total="2" passed="2" failed="0" skipped="0">
  <reporter-output>
  </reporter-output>
  <suite started-at="2022-01-23T22:56:25 IST" name="Default suite" finished-at="2022-01-23T22:56:57 IST" duration-ms="31861">
    <groups>
    </groups>
    <test started-at="2022-01-23T22:56:25 IST" name="Default test" finished-at="2022-01-23T22:56:57 IST" duration-ms="31861">
      <class name="TestNG.Actitimelogin">
        <test-method signature="loginpage()[pri:1, instance:TestNG.Actitimelogin@2f8dad04]" started-at="2022-01-23T22:56:25 IST" name="loginpage" finished-at="2022-01-23T22:56:45 IST" duration-ms="19991" status="PASS">
          <reporter-output>
          </reporter-output>
        </test-method> <!-- loginpage -->
        <test-method signature="logoutandclose()[pri:2, instance:TestNG.Actitimelogin@2f8dad04]" started-at="2022-01-23T22:56:45 IST" name="logoutandclose" finished-at="2022-01-23T22:56:57 IST" duration-ms="11789" status="PASS">
          <reporter-output>
          </reporter-output>
        </test-method> <!-- logoutandclose -->
      </class> <!-- TestNG.Actitimelogin -->
    </test> <!-- Default test -->
  </suite> <!-- Default suite -->
</testng-results>
