<?xml version="1.0" encoding="UTF-8"?>
<!-- Generated by org.testng.reporters.JUnitXMLReporter -->
<testsuite ignored="2" hostname="DESKTOP-60IR7T5" failures="0" tests="5" name="Testing" time="0.127" errors="0" timestamp="2022-01-15T03:23:16 PST">
  <testcase classname="TestNGgroupsAnnotation.groupsannotation" name="tcfirst" time="0.016"/>
  <testcase classname="TestNGgroupsAnnotation.groupsannotation" name="tcfive" time="0.004"/>
  <testcase classname="TestNGgroupsAnnotation.groupsannotation" name="tcsecond" time="0.006"/>
  <testcase classname="TestNGgroupsAnnotation.groupsannotation" name="tcseven" time="0.003"/>
  <testcase classname="TestNGgroupsAnnotation.groupsannotation" name="tcsix" time="0.004"/>
  <testcase classname="TestNGgroupsAnnotation.groupsannotation" name="tcthird" time="0.0">
    <ignored/>
  </testcase> <!-- tcthird -->
  <testcase classname="TestNGgroupsAnnotation.groupsannotation" name="tcforth" time="0.0">
    <ignored/>
  </testcase> <!-- tcforth -->
</testsuite> <!-- Testing -->
